<?xml version="1.0" encoding="UTF-8"?>
<testng-results ignored="0" total="1" passed="1" failed="0" skipped="0">
  <reporter-output>
  </reporter-output>
  <suite started-at="2025-02-18T18:29:33 IST" name="Default suite" finished-at="2025-02-18T18:29:54 IST" duration-ms="21484">
    <groups>
      <group name="cucumber">
        <method signature="AbstractTestNGCucumberTests.runScenario(io.cucumber.testng.PickleWrapper,io.cucumber.testng.FeatureWrapper)[pri:0, instance:Runner_pack.Run@1c1bbc4e]" name="runScenario" class="io.cucumber.testng.AbstractTestNGCucumberTests"/>
      </group> <!-- cucumber -->
    </groups>
    <test started-at="2025-02-18T18:29:33 IST" name="Default test" finished-at="2025-02-18T18:29:54 IST" duration-ms="21484">
      <class name="Runner_pack.Run">
        <test-method is-config="true" signature="setUpClass(org.testng.ITestContext)[pri:0, instance:Runner_pack.Run@1c1bbc4e]" started-at="2025-02-18T18:29:33 IST" name="setUpClass" finished-at="2025-02-18T18:29:35 IST" duration-ms="1765" status="PASS">
          <params>
            <param index="0">
              <value>
                <![CDATA[org.testng.TestRunner@cbc8d0f]]>
              </value>
            </param>
          </params>
          <reporter-output>
          </reporter-output>
        </test-method> <!-- setUpClass -->
        <test-method signature="runScenario(io.cucumber.testng.PickleWrapper,io.cucumber.testng.FeatureWrapper)[pri:0, instance:Runner_pack.Run@1c1bbc4e]" started-at="2025-02-18T18:29:35 IST" name="runScenario" description="Runs Cucumber Scenarios" data-provider="scenarios" finished-at="2025-02-18T18:29:54 IST" duration-ms="19147" status="PASS">
          <params>
            <param index="0">
              <value>
                <![CDATA["TC_RF_006_Verify_Registering_an_Accountwith_Newsletter_field_As_NO()"]]>
              </value>
            </param>
            <param index="1">
              <value>
                <![CDATA["Registration Functionality"]]>
              </value>
            </param>
          </params>
          <reporter-output>
          </reporter-output>
        </test-method> <!-- runScenario -->
        <test-method is-config="true" signature="tearDownClass()[pri:0, instance:Runner_pack.Run@1c1bbc4e]" started-at="2025-02-18T18:29:54 IST" name="tearDownClass" finished-at="2025-02-18T18:29:54 IST" duration-ms="442" status="PASS">
          <reporter-output>
          </reporter-output>
        </test-method> <!-- tearDownClass -->
      </class> <!-- Runner_pack.Run -->
    </test> <!-- Default test -->
  </suite> <!-- Default suite -->
</testng-results>
