<?xml version="1.0" encoding="UTF-8"?>
<testng-results ignored="0" total="1" passed="1" failed="0" skipped="0">
  <reporter-output>
  </reporter-output>
  <suite started-at="2025-02-18T11:32:14 IST" name="Default suite" finished-at="2025-02-18T11:32:15 IST" duration-ms="284">
    <groups>
    </groups>
    <test started-at="2025-02-18T11:32:14 IST" name="Default test" finished-at="2025-02-18T11:32:15 IST" duration-ms="284">
      <class name="StepDefination_pack.test">
        <test-method signature="test01()[pri:0, instance:StepDefination_pack.test@7b98f307]" started-at="2025-02-18T11:32:14 IST" name="test01" finished-at="2025-02-18T11:32:15 IST" duration-ms="109" status="PASS">
          <reporter-output>
          </reporter-output>
        </test-method> <!-- test01 -->
      </class> <!-- StepDefination_pack.test -->
    </test> <!-- Default test -->
  </suite> <!-- Default suite -->
</testng-results>
